app/build/intermediates/manifest_merge_blame_file/debug/manifest-merger-blame-debug-report.txt
1<?xml version="1.0" encoding="utf-8"?>
2<!--
3    Copyright 2019 Google Inc. All Rights Reserved.
4
5     Licensed under the Apache License, Version 2.0 (the "License");
6     you may not use this file except in compliance with the License.
7     You may obtain a copy of the License at
8
9         http://www.apache.org/licenses/LICENSE-2.0
10
11     Unless required by applicable law or agreed to in writing, software
12     distributed under the License is distributed on an "AS IS" BASIS,
13     WITHOUT WARRANTIES OR CONDITIONS OF ANY KIND, either express or implied.
14     See the License for the specific language governing permissions and
15     limitations under the License.
16-->
17<!--
18 The "package" attribute is rewritten by the Gradle build with the value of applicationId.
19     It is still required here, as it is used to derive paths, for instance when referring
20     to an Activity by ".MyActivity" instead of the full name. If more Activities are added to the
21     application, the package attribute will need to reflect the correct path in order to use
22     the abbreviated format.
23-->
24<manifest xmlns:android="http://schemas.android.com/apk/res/android"
25    package="com.ychen9.pwa"
26    android:versionCode="1"
27    android:versionName="1.0.0.0" >
28
29    <uses-sdk
30        android:minSdkVersion="19"
30-->src\main\AndroidManifest.xml
31        android:targetSdkVersion="30" />
31-->src\main\AndroidManifest.xml
32
33    <uses-permission android:name="android.permission.INTERNET" />
33-->src\main\AndroidManifest.xml:26:5-67
33-->src\main\AndroidManifest.xml:26:22-64
34    <uses-permission android:name="android.permission.ACCESS_FINE_LOCATION" />
34-->src\main\AndroidManifest.xml:27:5-79
34-->src\main\AndroidManifest.xml:27:22-76
35
36    <queries>
36-->[com.google.androidbrowserhelper:androidbrowserhelper:2.2.2] AndroidManifest.xml:26:5-34:15
37        <intent>
37-->[com.google.androidbrowserhelper:androidbrowserhelper:2.2.2] AndroidManifest.xml:27:9-33:18
38            <action android:name="android.intent.action.VIEW" />
38-->src\main\AndroidManifest.xml:150:17-68
38-->src\main\AndroidManifest.xml:150:25-66
39
40            <category android:name="android.intent.category.BROWSABLE" />
40-->src\main\AndroidManifest.xml:152:17-77
40-->src\main\AndroidManifest.xml:152:27-75
41
42            <data android:scheme="https" />
42-->src\main\AndroidManifest.xml:127:17-55
42-->src\main\AndroidManifest.xml:154:68-93
43        </intent>
44    </queries>
45
46    <permission
46-->[com.huawei.hms:push:5.3.0.304] AndroidManifest.xml:9:5-11:47
47        android:name="com.ychen9.pwa.permission.PROCESS_PUSH_MSG"
47-->[com.huawei.hms:push:5.3.0.304] AndroidManifest.xml:10:9-68
48        android:protectionLevel="signature" /> <!-- PUSH_PROVIDER and PUSH_WRITE_PROVIDER are both provider registered permissions for the notification switch. -->
48-->[com.huawei.hms:push:5.3.0.304] AndroidManifest.xml:11:9-44
49    <!-- The SDK's notification bar switch, EMUI 9.x becomes write to the local sp, sharing the file through the provider to the push-rom, which reads the sp file to get the status of the notification bar switch. -->
50    <permission
50-->[com.huawei.hms:push:5.3.0.304] AndroidManifest.xml:14:5-16:47
51        android:name="com.ychen9.pwa.permission.PUSH_PROVIDER"
51-->[com.huawei.hms:push:5.3.0.304] AndroidManifest.xml:15:9-65
52        android:protectionLevel="signature" />
52-->[com.huawei.hms:push:5.3.0.304] AndroidManifest.xml:16:9-44
53    <permission
53-->[com.huawei.hms:push:5.3.0.304] AndroidManifest.xml:17:5-19:47
54        android:name="com.ychen9.pwa.permission.PUSH_WRITE_PROVIDER"
54-->[com.huawei.hms:push:5.3.0.304] AndroidManifest.xml:18:9-71
55        android:protectionLevel="signature" />
55-->[com.huawei.hms:push:5.3.0.304] AndroidManifest.xml:19:9-44
56
57    <uses-permission android:name="com.ychen9.pwa.permission.PROCESS_PUSH_MSG" />
57-->[com.huawei.hms:push:5.3.0.304] AndroidManifest.xml:21:5-84
57-->[com.huawei.hms:push:5.3.0.304] AndroidManifest.xml:21:22-81
58    <uses-permission android:name="com.ychen9.pwa.permission.PUSH_PROVIDER" />
58-->[com.huawei.hms:push:5.3.0.304] AndroidManifest.xml:22:5-81
58-->[com.huawei.hms:push:5.3.0.304] AndroidManifest.xml:22:22-78
59    <uses-permission android:name="android.permission.FOREGROUND_SERVICE" />
59-->[com.huawei.hms:push:5.3.0.304] AndroidManifest.xml:23:5-77
59-->[com.huawei.hms:push:5.3.0.304] AndroidManifest.xml:23:22-74
60    <uses-permission android:name="android.permission.ACCESS_NETWORK_STATE" />
60-->[com.huawei.hms:hianalytics:5.3.1.300] AndroidManifest.xml:12:5-79
60-->[com.huawei.hms:hianalytics:5.3.1.300] AndroidManifest.xml:12:22-76
61    <uses-permission android:name="com.huawei.appmarket.service.commondata.permission.GET_COMMON_DATA" /> <!-- 如果是安卓8.0，应用编译配置的targetSdkVersion>=26，请务必添加以下权限 -->
61-->[com.huawei.hms:hianalytics:5.3.1.300] AndroidManifest.xml:13:5-106
61-->[com.huawei.hms:hianalytics:5.3.1.300] AndroidManifest.xml:13:22-103
62    <uses-permission android:name="android.permission.REQUEST_INSTALL_PACKAGES" /> <!-- Create a unique permission for your app and use it so only your app can receive your OneSignal messages. -->
62-->[com.huawei.hms:availableupdate:5.3.0.304] AndroidManifest.xml:14:5-83
62-->[com.huawei.hms:availableupdate:5.3.0.304] AndroidManifest.xml:14:22-80
63    <permission
63-->[com.onesignal:OneSignal:3.15.1] AndroidManifest.xml:7:5-9:47
64        android:name="com.ychen9.pwa.permission.C2D_MESSAGE"
64-->[com.onesignal:OneSignal:3.15.1] AndroidManifest.xml:8:9-63
65        android:protectionLevel="signature" />
65-->[com.onesignal:OneSignal:3.15.1] AndroidManifest.xml:9:9-44
66
67    <uses-permission android:name="com.ychen9.pwa.permission.C2D_MESSAGE" />
67-->[com.onesignal:OneSignal:3.15.1] AndroidManifest.xml:11:5-79
67-->[com.onesignal:OneSignal:3.15.1] AndroidManifest.xml:11:22-76
68    <uses-permission android:name="com.google.android.c2dm.permission.RECEIVE" /> <!-- Required, makes sure notifications are delivered on time. -->
68-->[com.onesignal:OneSignal:3.15.1] AndroidManifest.xml:17:5-82
68-->[com.onesignal:OneSignal:3.15.1] AndroidManifest.xml:17:22-79
69    <uses-permission android:name="android.permission.WAKE_LOCK" />
69-->[com.onesignal:OneSignal:3.15.1] AndroidManifest.xml:18:5-68
69-->[com.onesignal:OneSignal:3.15.1] AndroidManifest.xml:18:22-65
70    <!--
71 Required so the device vibrates on receiving a push notification.
72         Vibration settings of the device still apply.
73    -->
74    <uses-permission android:name="android.permission.VIBRATE" />
74-->[com.onesignal:OneSignal:3.15.1] AndroidManifest.xml:23:5-66
74-->[com.onesignal:OneSignal:3.15.1] AndroidManifest.xml:23:22-63
75    <!--
76 Use to restore notifications the user hasn't interacted with.
77         They could be missed notifications if the user reboots their device if this isn't in place.
78    -->
79    <uses-permission android:name="android.permission.RECEIVE_BOOT_COMPLETED" /> <!-- START: ShortcutBadger -->
79-->[com.onesignal:OneSignal:3.15.1] AndroidManifest.xml:29:5-81
79-->[com.onesignal:OneSignal:3.15.1] AndroidManifest.xml:29:22-78
80    <!-- Samsung -->
81    <uses-permission android:name="com.sec.android.provider.badge.permission.READ" />
81-->[com.onesignal:OneSignal:3.15.1] AndroidManifest.xml:31:5-86
81-->[com.onesignal:OneSignal:3.15.1] AndroidManifest.xml:31:22-83
82    <uses-permission android:name="com.sec.android.provider.badge.permission.WRITE" /> <!-- HTC -->
82-->[com.onesignal:OneSignal:3.15.1] AndroidManifest.xml:32:5-87
82-->[com.onesignal:OneSignal:3.15.1] AndroidManifest.xml:32:22-84
83    <uses-permission android:name="com.htc.launcher.permission.READ_SETTINGS" />
83-->[com.onesignal:OneSignal:3.15.1] AndroidManifest.xml:33:5-81
83-->[com.onesignal:OneSignal:3.15.1] AndroidManifest.xml:33:22-78
84    <uses-permission android:name="com.htc.launcher.permission.UPDATE_SHORTCUT" /> <!-- Sony -->
84-->[com.onesignal:OneSignal:3.15.1] AndroidManifest.xml:34:5-83
84-->[com.onesignal:OneSignal:3.15.1] AndroidManifest.xml:34:22-80
85    <uses-permission android:name="com.sonyericsson.home.permission.BROADCAST_BADGE" />
85-->[com.onesignal:OneSignal:3.15.1] AndroidManifest.xml:35:5-88
85-->[com.onesignal:OneSignal:3.15.1] AndroidManifest.xml:35:22-85
86    <uses-permission android:name="com.sonymobile.home.permission.PROVIDER_INSERT_BADGE" /> <!-- Apex -->
86-->[com.onesignal:OneSignal:3.15.1] AndroidManifest.xml:36:5-92
86-->[com.onesignal:OneSignal:3.15.1] AndroidManifest.xml:36:22-89
87    <uses-permission android:name="com.anddoes.launcher.permission.UPDATE_COUNT" /> <!-- Solid -->
87-->[com.onesignal:OneSignal:3.15.1] AndroidManifest.xml:37:5-84
87-->[com.onesignal:OneSignal:3.15.1] AndroidManifest.xml:37:22-81
88    <uses-permission android:name="com.majeur.launcher.permission.UPDATE_BADGE" /> <!-- Huawei -->
88-->[com.onesignal:OneSignal:3.15.1] AndroidManifest.xml:38:5-83
88-->[com.onesignal:OneSignal:3.15.1] AndroidManifest.xml:38:22-80
89    <uses-permission android:name="com.huawei.android.launcher.permission.CHANGE_BADGE" />
89-->[com.onesignal:OneSignal:3.15.1] AndroidManifest.xml:39:5-91
89-->[com.onesignal:OneSignal:3.15.1] AndroidManifest.xml:39:22-88
90    <uses-permission android:name="com.huawei.android.launcher.permission.READ_SETTINGS" />
90-->[com.onesignal:OneSignal:3.15.1] AndroidManifest.xml:40:5-92
90-->[com.onesignal:OneSignal:3.15.1] AndroidManifest.xml:40:22-89
91    <uses-permission android:name="com.huawei.android.launcher.permission.WRITE_SETTINGS" /> <!-- ZUK -->
91-->[com.onesignal:OneSignal:3.15.1] AndroidManifest.xml:41:5-93
91-->[com.onesignal:OneSignal:3.15.1] AndroidManifest.xml:41:22-90
92    <uses-permission android:name="android.permission.READ_APP_BADGE" /> <!-- OPPO -->
92-->[com.onesignal:OneSignal:3.15.1] AndroidManifest.xml:42:5-73
92-->[com.onesignal:OneSignal:3.15.1] AndroidManifest.xml:42:22-70
93    <uses-permission android:name="com.oppo.launcher.permission.READ_SETTINGS" />
93-->[com.onesignal:OneSignal:3.15.1] AndroidManifest.xml:43:5-82
93-->[com.onesignal:OneSignal:3.15.1] AndroidManifest.xml:43:22-79
94    <uses-permission android:name="com.oppo.launcher.permission.WRITE_SETTINGS" /> <!-- EvMe -->
94-->[com.onesignal:OneSignal:3.15.1] AndroidManifest.xml:44:5-83
94-->[com.onesignal:OneSignal:3.15.1] AndroidManifest.xml:44:22-80
95    <uses-permission android:name="me.everything.badger.permission.BADGE_COUNT_READ" />
95-->[com.onesignal:OneSignal:3.15.1] AndroidManifest.xml:45:5-88
95-->[com.onesignal:OneSignal:3.15.1] AndroidManifest.xml:45:22-85
96    <uses-permission android:name="me.everything.badger.permission.BADGE_COUNT_WRITE" />
96-->[com.onesignal:OneSignal:3.15.1] AndroidManifest.xml:46:5-89
96-->[com.onesignal:OneSignal:3.15.1] AndroidManifest.xml:46:22-86
97    <uses-permission android:name="android.permission.ACCESS_WIFI_STATE" />
97-->[com.huawei.hms:ads-base:13.4.32.300] AndroidManifest.xml:14:5-76
97-->[com.huawei.hms:ads-base:13.4.32.300] AndroidManifest.xml:14:22-73
98
99    <application
99-->src\main\AndroidManifest.xml:29:5-198:19
100        android:name="com.ychen9.pwa.Application"
100-->src\main\AndroidManifest.xml:30:9-50
101        android:allowBackup="true"
101-->src\main\AndroidManifest.xml:31:9-35
102        android:appComponentFactory="androidx.core.app.CoreComponentFactory"
102-->[androidx.core:core:1.5.0] AndroidManifest.xml:24:18-86
103        android:debuggable="true"
104        android:icon="@mipmap/ic_launcher"
104-->src\main\AndroidManifest.xml:32:9-43
105        android:label="@string/appName"
105-->src\main\AndroidManifest.xml:33:9-40
106        android:manageSpaceActivity="com.google.androidbrowserhelper.trusted.ManageDataLauncherActivity"
106-->src\main\AndroidManifest.xml:35:9-105
107        android:supportsRtl="true"
107-->src\main\AndroidManifest.xml:37:9-35
108        android:testOnly="true"
109        android:theme="@android:style/Theme.Translucent.NoTitleBar" >
109-->src\main\AndroidManifest.xml:38:9-68
110        <meta-data
110-->src\main\AndroidManifest.xml:40:9-43:21
111            android:name="com.huawei.hms.client.appid"
111-->src\main\AndroidManifest.xml:41:13-55
112            android:value="appid=102882631" >
112-->src\main\AndroidManifest.xml:42:13-44
113        </meta-data>
114        <meta-data
114-->src\main\AndroidManifest.xml:44:9-47:21
115            android:name="com.huawei.hms.client.cpid"
115-->src\main\AndroidManifest.xml:45:13-54
116            android:value="cpid=890001000000000755" >
116-->src\main\AndroidManifest.xml:46:13-52
117        </meta-data>
118        <meta-data
118-->src\main\AndroidManifest.xml:48:9-50:58
119            android:name="asset_statements"
119-->src\main\AndroidManifest.xml:49:13-44
120            android:resource="@string/assetStatements" />
120-->src\main\AndroidManifest.xml:50:13-55
121        <meta-data
121-->src\main\AndroidManifest.xml:53:13-55:58
122            android:name="web_manifest_url"
122-->src\main\AndroidManifest.xml:54:17-48
123            android:value="@string/webManifestUrl" />
123-->src\main\AndroidManifest.xml:55:17-55
124        <meta-data
124-->src\main\AndroidManifest.xml:58:9-60:52
125            android:name="twa_generator"
125-->src\main\AndroidManifest.xml:59:13-41
126            android:value="@string/generatorApp" />
126-->src\main\AndroidManifest.xml:60:13-49
127
128        <activity android:name="com.google.androidbrowserhelper.trusted.ManageDataLauncherActivity" >
128-->src\main\AndroidManifest.xml:63:13-67:24
128-->src\main\AndroidManifest.xml:63:23-104
129            <meta-data
129-->src\main\AndroidManifest.xml:64:13-66:53
130                android:name="android.support.customtabs.trusted.MANAGE_SPACE_URL"
130-->src\main\AndroidManifest.xml:65:17-83
131                android:value="@string/launchUrl" />
131-->src\main\AndroidManifest.xml:66:17-50
132        </activity>
133        <activity
133-->src\main\AndroidManifest.xml:70:9-143:20
134            android:name="com.ychen9.pwa.LauncherActivity"
134-->src\main\AndroidManifest.xml:70:19-65
135            android:alwaysRetainTaskState="true"
135-->src\main\AndroidManifest.xml:71:13-49
136            android:label="@string/launcherName" >
136-->src\main\AndroidManifest.xml:72:13-49
137            <meta-data
137-->src\main\AndroidManifest.xml:73:13-75:72
138                android:name="android.support.customtabs.trusted.ADDITIONAL_TRUSTED_ORIGINS"
138-->src\main\AndroidManifest.xml:74:17-93
139                android:resource="@array/additional_trusted_origins" />
139-->src\main\AndroidManifest.xml:75:17-69
140            <meta-data
140-->src\main\AndroidManifest.xml:77:13-78:53
141                android:name="android.support.customtabs.trusted.DEFAULT_URL"
141-->src\main\AndroidManifest.xml:77:24-85
142                android:value="@string/launchUrl" />
142-->src\main\AndroidManifest.xml:78:17-50
143            <meta-data
143-->src\main\AndroidManifest.xml:80:13-82:58
144                android:name="android.support.customtabs.trusted.STATUS_BAR_COLOR"
144-->src\main\AndroidManifest.xml:81:17-83
145                android:resource="@color/colorPrimary" />
145-->src\main\AndroidManifest.xml:82:17-55
146            <meta-data
146-->src\main\AndroidManifest.xml:84:13-86:61
147                android:name="android.support.customtabs.trusted.NAVIGATION_BAR_COLOR"
147-->src\main\AndroidManifest.xml:85:17-87
148                android:resource="@color/navigationColor" />
148-->src\main\AndroidManifest.xml:86:17-58
149            <meta-data
149-->src\main\AndroidManifest.xml:88:13-90:65
150                android:name="android.support.customtabs.trusted.NAVIGATION_BAR_COLOR_DARK"
150-->src\main\AndroidManifest.xml:89:17-92
151                android:resource="@color/navigationColorDark" />
151-->src\main\AndroidManifest.xml:90:17-62
152            <meta-data
152-->src\main\AndroidManifest.xml:92:13-94:68
153                android:name="androix.browser.trusted.NAVIGATION_BAR_DIVIDER_COLOR"
153-->src\main\AndroidManifest.xml:93:17-84
154                android:resource="@color/navigationDividerColor" />
154-->src\main\AndroidManifest.xml:94:17-65
155            <meta-data
155-->src\main\AndroidManifest.xml:96:13-98:72
156                android:name="androix.browser.trusted.NAVIGATION_BAR_DIVIDER_COLOR_DARK"
156-->src\main\AndroidManifest.xml:97:17-89
157                android:resource="@color/navigationDividerColorDark" />
157-->src\main\AndroidManifest.xml:98:17-69
158            <meta-data
158-->src\main\AndroidManifest.xml:100:13-101:54
159                android:name="android.support.customtabs.trusted.SPLASH_IMAGE_DRAWABLE"
159-->src\main\AndroidManifest.xml:100:24-95
160                android:resource="@drawable/splash" />
160-->src\main\AndroidManifest.xml:101:17-52
161            <meta-data
161-->src\main\AndroidManifest.xml:103:13-104:60
162                android:name="android.support.customtabs.trusted.SPLASH_SCREEN_BACKGROUND_COLOR"
162-->src\main\AndroidManifest.xml:103:24-104
163                android:resource="@color/backgroundColor" />
163-->src\main\AndroidManifest.xml:104:17-58
164            <meta-data
164-->src\main\AndroidManifest.xml:106:13-107:71
165                android:name="android.support.customtabs.trusted.SPLASH_SCREEN_FADE_OUT_DURATION"
165-->src\main\AndroidManifest.xml:106:24-105
166                android:value="@integer/splashScreenFadeOutDuration" />
166-->src\main\AndroidManifest.xml:107:17-69
167            <meta-data
167-->src\main\AndroidManifest.xml:109:13-110:60
168                android:name="android.support.customtabs.trusted.FILE_PROVIDER_AUTHORITY"
168-->src\main\AndroidManifest.xml:109:24-97
169                android:value="@string/providerAuthority" />
169-->src\main\AndroidManifest.xml:110:17-58
170            <meta-data
170-->src\main\AndroidManifest.xml:112:13-97
171                android:name="android.app.shortcuts"
171-->src\main\AndroidManifest.xml:112:24-60
172                android:resource="@xml/shortcuts" />
172-->src\main\AndroidManifest.xml:112:61-94
173            <meta-data
173-->src\main\AndroidManifest.xml:114:13-115:56
174                android:name="android.support.customtabs.trusted.FALLBACK_STRATEGY"
174-->src\main\AndroidManifest.xml:114:24-91
175                android:value="@string/fallbackType" />
175-->src\main\AndroidManifest.xml:115:17-53
176            <meta-data
176-->src\main\AndroidManifest.xml:117:13-119:57
177                android:name="android.support.customtabs.trusted.METADATA_SHARE_TARGET"
177-->src\main\AndroidManifest.xml:118:17-88
178                android:resource="@string/shareTarget" />
178-->src\main\AndroidManifest.xml:119:17-55
179            <meta-data
179-->src\main\AndroidManifest.xml:121:13-122:54
180                android:name="android.support.customtabs.trusted.SCREEN_ORIENTATION"
180-->src\main\AndroidManifest.xml:121:24-92
181                android:value="@string/orientation" />
181-->src\main\AndroidManifest.xml:122:17-52
182
183            <intent-filter>
183-->src\main\AndroidManifest.xml:124:13-128:29
184                <action android:name="android.intent.action.SEND" />
184-->src\main\AndroidManifest.xml:125:17-69
184-->src\main\AndroidManifest.xml:125:25-66
185
186                <category android:name="android.intent.category.DEFAULT" />
186-->src\main\AndroidManifest.xml:126:17-76
186-->src\main\AndroidManifest.xml:126:27-73
187
188                <data android:mimeType="text/plain" />
188-->src\main\AndroidManifest.xml:127:17-55
188-->src\main\AndroidManifest.xml:127:23-52
189            </intent-filter>
190            <intent-filter>
190-->src\main\AndroidManifest.xml:130:13-133:29
191                <action android:name="android.intent.action.MAIN" />
191-->src\main\AndroidManifest.xml:131:17-69
191-->src\main\AndroidManifest.xml:131:25-66
192
193                <category android:name="android.intent.category.LAUNCHER" />
193-->src\main\AndroidManifest.xml:132:17-77
193-->src\main\AndroidManifest.xml:132:27-74
194            </intent-filter>
195
196            <!-- <intent-filter android:autoVerify="true"> -->
197            <!-- <action android:name="android.intent.action.VIEW"/> -->
198            <!-- <category android:name="android.intent.category.DEFAULT" /> -->
199            <!-- <category android:name="android.intent.category.BROWSABLE"/> -->
200            <!-- <data android:scheme="https" -->
201            <!-- android:host="@string/hostName"/> -->
202            <!-- </intent-filter> -->
203
204        </activity>
205        <activity
205-->src\main\AndroidManifest.xml:145:9-156:20
206            android:name="com.ychen9.pwa.ConsumptionActivity"
206-->src\main\AndroidManifest.xml:146:13-62
207            android:theme="@style/NoActionBar" >
207-->src\main\AndroidManifest.xml:147:13-47
208            <intent-filter>
208-->src\main\AndroidManifest.xml:149:13-155:29
209                <action android:name="android.intent.action.VIEW" />
209-->src\main\AndroidManifest.xml:150:17-68
209-->src\main\AndroidManifest.xml:150:25-66
210
211                <category android:name="android.intent.category.DEFAULT" />
211-->src\main\AndroidManifest.xml:126:17-76
211-->src\main\AndroidManifest.xml:126:27-73
212                <category android:name="android.intent.category.BROWSABLE" />
212-->src\main\AndroidManifest.xml:152:17-77
212-->src\main\AndroidManifest.xml:152:27-75
213                <!-- Add the prefix of the deep link of App Linking or Android and a custom scheme. -->
214                <data
214-->src\main\AndroidManifest.xml:127:17-55
215                    android:host="bvutestiap.dre.agconnect.link"
215-->src\main\AndroidManifest.xml:154:23-67
216                    android:scheme="testlink" />
216-->src\main\AndroidManifest.xml:154:68-93
217            </intent-filter>
218        </activity>
219        <activity android:name="com.google.androidbrowserhelper.trusted.FocusActivity" />
219-->src\main\AndroidManifest.xml:158:9-90
219-->src\main\AndroidManifest.xml:158:19-87
220        <activity
220-->src\main\AndroidManifest.xml:160:9-161:62
221            android:name="com.google.androidbrowserhelper.trusted.WebViewFallbackActivity"
221-->src\main\AndroidManifest.xml:160:19-97
222            android:configChanges="orientation|screenSize" />
222-->src\main\AndroidManifest.xml:161:13-59
223
224        <provider
224-->src\main\AndroidManifest.xml:163:9-171:20
225            android:name="androidx.core.content.FileProvider"
225-->src\main\AndroidManifest.xml:164:13-62
226            android:authorities="@string/providerAuthority"
226-->src\main\AndroidManifest.xml:165:13-60
227            android:exported="false"
227-->src\main\AndroidManifest.xml:167:13-37
228            android:grantUriPermissions="true" >
228-->src\main\AndroidManifest.xml:166:13-47
229            <meta-data
229-->src\main\AndroidManifest.xml:168:13-170:53
230                android:name="android.support.FILE_PROVIDER_PATHS"
230-->src\main\AndroidManifest.xml:169:17-67
231                android:resource="@xml/filepaths" />
231-->src\main\AndroidManifest.xml:170:17-50
232        </provider>
233
234        <service
234-->src\main\AndroidManifest.xml:173:9-184:19
235            android:name="com.ychen9.pwa.DelegationService"
235-->src\main\AndroidManifest.xml:174:13-60
236            android:enabled="@bool/enableNotification"
236-->src\main\AndroidManifest.xml:175:13-55
237            android:exported="@bool/enableNotification" >
237-->src\main\AndroidManifest.xml:176:13-56
238            <intent-filter>
238-->src\main\AndroidManifest.xml:180:13-183:29
239                <action android:name="android.support.customtabs.trusted.TRUSTED_WEB_ACTIVITY_SERVICE" />
239-->src\main\AndroidManifest.xml:181:17-105
239-->src\main\AndroidManifest.xml:181:25-103
240
241                <category android:name="android.intent.category.DEFAULT" />
241-->src\main\AndroidManifest.xml:126:17-76
241-->src\main\AndroidManifest.xml:126:27-73
242            </intent-filter>
243        </service>
244        <service
244-->src\main\AndroidManifest.xml:185:9-192:19
245            android:name="com.ychen9.pwa.MyPushService"
245-->src\main\AndroidManifest.xml:186:13-56
246            android:exported="false" >
246-->src\main\AndroidManifest.xml:187:13-37
247            <intent-filter>
247-->src\main\AndroidManifest.xml:189:13-191:29
248                <action android:name="com.huawei.push.action.MESSAGING_EVENT" />
248-->src\main\AndroidManifest.xml:190:17-81
248-->src\main\AndroidManifest.xml:190:25-78
249            </intent-filter>
250        </service>
251
252        <activity android:name="com.google.androidbrowserhelper.locationdelegation.PermissionRequestActivity" />
252-->src\main\AndroidManifest.xml:195:13-196:89
252-->src\main\AndroidManifest.xml:195:23-123
253
254        <meta-data
254-->[com.huawei.hms:ads-lite:13.4.32.300] AndroidManifest.xml:13:9-15:52
255            android:name="com.huawei.hms.client.service.name:ads-lite"
255-->[com.huawei.hms:ads-lite:13.4.32.300] AndroidManifest.xml:14:13-71
256            android:value="ads-lite:13.4.32.300" />
256-->[com.huawei.hms:ads-lite:13.4.32.300] AndroidManifest.xml:15:13-49
257        <meta-data
257-->[com.huawei.hms:ads-consent:3.4.32.300] AndroidManifest.xml:13:9-15:54
258            android:name="com.huawei.hms.client.service.name:ads-consent"
258-->[com.huawei.hms:ads-consent:3.4.32.300] AndroidManifest.xml:14:13-74
259            android:value="ads-consent:3.4.32.300" />
259-->[com.huawei.hms:ads-consent:3.4.32.300] AndroidManifest.xml:15:13-51
260
261        <receiver
261-->[com.huawei.hms:push:5.3.0.304] AndroidManifest.xml:26:9-37:20
262            android:name="com.huawei.hms.support.api.push.PushMsgReceiver"
262-->[com.huawei.hms:push:5.3.0.304] AndroidManifest.xml:27:13-75
263            android:directBootAware="true"
263-->[com.huawei.hms:push:5.3.0.304] AndroidManifest.xml:28:13-43
264            android:permission="com.ychen9.pwa.permission.PROCESS_PUSH_MSG" >
264-->[com.huawei.hms:push:5.3.0.304] AndroidManifest.xml:29:13-78
265            <intent-filter>
265-->[com.huawei.hms:push:5.3.0.304] AndroidManifest.xml:30:13-36:29
266
267                <!-- Mandatory, be used to receive notification bar message click event. -->
268                <action android:name="com.huawei.intent.action.PUSH_DELAY_NOTIFY" />
268-->[com.huawei.hms:push:5.3.0.304] AndroidManifest.xml:33:17-85
268-->[com.huawei.hms:push:5.3.0.304] AndroidManifest.xml:33:25-82
269                <!-- Optional, compatible with old huawei phones. -->
270                <action android:name="com.huawei.intent.action.PUSH" />
270-->[com.huawei.hms:push:5.3.0.304] AndroidManifest.xml:35:17-72
270-->[com.huawei.hms:push:5.3.0.304] AndroidManifest.xml:35:25-69
271            </intent-filter>
272        </receiver>
273        <receiver
273-->[com.huawei.hms:push:5.3.0.304] AndroidManifest.xml:38:9-49:20
274            android:name="com.huawei.hms.support.api.push.PushReceiver"
274-->[com.huawei.hms:push:5.3.0.304] AndroidManifest.xml:39:13-72
275            android:directBootAware="true"
275-->[com.huawei.hms:push:5.3.0.304] AndroidManifest.xml:40:13-43
276            android:permission="com.ychen9.pwa.permission.PROCESS_PUSH_MSG" >
276-->[com.huawei.hms:push:5.3.0.304] AndroidManifest.xml:41:13-78
277            <intent-filter>
277-->[com.huawei.hms:push:5.3.0.304] AndroidManifest.xml:42:13-48:29
278
279                <!-- Mandatory, be used to receive tokens. -->
280                <action android:name="com.huawei.android.push.intent.REGISTRATION" />
280-->[com.huawei.hms:push:5.3.0.304] AndroidManifest.xml:45:17-86
280-->[com.huawei.hms:push:5.3.0.304] AndroidManifest.xml:45:25-83
281                <!-- Mandatory, be used to receive messages. -->
282                <action android:name="com.huawei.android.push.intent.RECEIVE" />
282-->[com.huawei.hms:push:5.3.0.304] AndroidManifest.xml:47:17-81
282-->[com.huawei.hms:push:5.3.0.304] AndroidManifest.xml:47:25-78
283            </intent-filter>
284        </receiver> <!-- Definition of receiving service for notification bar and pass-through message of non-huawei mobile phone. -->
285        <service
285-->[com.huawei.hms:push:5.3.0.304] AndroidManifest.xml:52:9-62:19
286            android:name="com.huawei.hms.support.api.push.service.HmsMsgService"
286-->[com.huawei.hms:push:5.3.0.304] AndroidManifest.xml:53:13-81
287            android:directBootAware="true"
287-->[com.huawei.hms:push:5.3.0.304] AndroidManifest.xml:54:13-43
288            android:enabled="true"
288-->[com.huawei.hms:push:5.3.0.304] AndroidManifest.xml:55:13-35
289            android:exported="true"
289-->[com.huawei.hms:push:5.3.0.304] AndroidManifest.xml:56:13-36
290            android:process=":pushservice" >
290-->[com.huawei.hms:push:5.3.0.304] AndroidManifest.xml:57:13-43
291            <intent-filter>
291-->[com.huawei.hms:push:5.3.0.304] AndroidManifest.xml:58:13-61:29
292                <action android:name="com.huawei.push.msg.NOTIFY_MSG" />
292-->[com.huawei.hms:push:5.3.0.304] AndroidManifest.xml:59:17-73
292-->[com.huawei.hms:push:5.3.0.304] AndroidManifest.xml:59:25-70
293                <action android:name="com.huawei.push.msg.PASSBY_MSG" />
293-->[com.huawei.hms:push:5.3.0.304] AndroidManifest.xml:60:17-73
293-->[com.huawei.hms:push:5.3.0.304] AndroidManifest.xml:60:25-70
294            </intent-filter>
295        </service>
296
297        <provider
297-->[com.huawei.hms:push:5.3.0.304] AndroidManifest.xml:64:9-70:89
298            android:name="com.huawei.hms.support.api.push.PushProvider"
298-->[com.huawei.hms:push:5.3.0.304] AndroidManifest.xml:65:13-72
299            android:authorities="com.ychen9.pwa.huawei.push.provider"
299-->[com.huawei.hms:push:5.3.0.304] AndroidManifest.xml:66:13-72
300            android:exported="true"
300-->[com.huawei.hms:push:5.3.0.304] AndroidManifest.xml:67:13-36